<?xml version="1.0" encoding="UTF-8"?>
<!-- Generated by org.testng.reporters.JUnitReportReporter -->
<testsuite skipped="0" hostname="ubuntu" name="com.pipeline.testbase.TestBase" tests="1" failures="0" timestamp="26 May 2019 11:38:34 GMT" time="0.060" errors="0">
  <testcase name="test" time="0.060" classname="com.pipeline.testbase.TestBase"/>
</testsuite> <!-- com.pipeline.testbase.TestBase -->
